INFO:root:Chargement des librairies terminé.
INFO:root:Le serveur est configuré pour écouter sur toutes les adresses IP de cette machine.
INFO:root:Buffer size : 4096
INFO:root:Socket créé.
INFO:root:Écoute sur 0.0.0.0:5555.
INFO:root:Chargement des librairies terminé.
INFO:root:Le serveur est configuré pour écouter sur toutes les adresses IP de cette machine.
INFO:root:Buffer size : 4096
INFO:root:Socket créé.
INFO:root:Écoute sur 0.0.0.0:5555.
INFO:root:Connexion acceptée.
INFO:root:Début de la réception du fichier...
INFO:root:Écriture du fichier.
INFO:root:Écriture du fichier.
INFO:root:Fermeture des sockets.
INFO:root:Chargement des librairies terminé.
INFO:root:Le serveur est configuré pour écouter sur toutes les adresses IP de cette machine.
INFO:root:Buffer size : 4096
INFO:root:Socket créé.
INFO:root:Écoute sur 0.0.0.0:5555.
2022-09-21 00:09:26,846 Chargement des librairies terminé.
2022-09-21 00:09:26,847 Le serveur est configuré pour écouter sur toutes les adresses IP de cette machine.
2022-09-21 00:09:26,848 Buffer size : 4096
2022-09-21 00:09:26,848 Socket créé.
2022-09-21 00:09:26,848 Écoute sur 0.0.0.0:5555.
2022-09-21 00:09:44,440 Chargement des librairies terminé.
2022-09-21 00:09:44,446 Le serveur est configuré pour écouter sur toutes les adresses IP de cette machine.
2022-09-21 00:09:44,447 Buffer size : 4096
2022-09-21 00:09:44,448 Socket créé.
2022-09-21 00:09:44,449 Écoute sur 0.0.0.0:5555.
2022-09-21 00:09:58,795 Chargement des librairies terminé.
2022-09-21 00:09:58,804 Le serveur est configuré pour écouter sur toutes les adresses IP de cette machine.
2022-09-21 00:09:58,804 Buffer size : 4096
2022-09-21 00:09:58,805 Socket créé.
2022-09-21 00:09:58,805 Écoute sur 0.0.0.0:5555.
2022-09-21 00:10:01,946 Connexion acceptée.
2022-09-21 00:10:01,946 Début de la réception du fichier...
2022-09-21 00:10:02,091 Écriture du fichier.
2022-09-21 00:10:02,094 Écriture du fichier.
2022-09-21 00:10:02,094 Fermeture des sockets.
2022-09-21 00:36:39,775 Chargement des librairies terminé.
2022-09-21 00:36:39,781 Le serveur est configuré pour écouter sur toutes les adresses IP de cette machine.
2022-09-21 00:36:39,781 Buffer size : 4096
2022-09-21 00:36:39,782 Socket créé.
2022-09-21 00:36:39,782 Écoute sur 0.0.0.0:5555.
2022-09-21 00:41:20,529 Chargement des librairies terminé.
2022-09-21 00:41:20,533 Le serveur est configuré pour écouter sur toutes les adresses IP de cette machine.
2022-09-21 00:41:20,534 Buffer size : 4096
2022-09-21 00:41:20,534 Socket créé.
2022-09-21 00:41:20,534 Écoute sur 0.0.0.0:5555.
2022-09-21 01:05:40,769 Chargement des librairies terminé.
2022-09-21 01:05:40,777 Le serveur est configuré pour écouter sur toutes les adresses IP de cette machine.
2022-09-21 01:05:40,779 Buffer size : 4096
2022-09-21 01:05:40,780 Socket créé.
2022-09-21 01:05:40,782 Écoute sur 0.0.0.0:5555.
2022-09-21 03:29:36,548 Chargement des librairies terminé.
2022-09-21 03:29:36,555 Le serveur est configuré pour écouter sur toutes les adresses IP de cette machine.
2022-09-21 03:29:36,555 Buffer size : 4096
2022-09-21 03:29:36,555 Socket créé.
2022-09-21 03:29:36,556 Écoute sur 0.0.0.0:5555.
2022-09-21 03:42:00,297 Chargement des librairies terminé.
2022-09-21 03:42:00,302 Le serveur est configuré pour écouter sur toutes les adresses IP de cette machine.
2022-09-21 03:42:00,302 Buffer size : 4096
2022-09-21 03:42:00,303 Socket créé.
2022-09-21 03:42:00,303 Écoute sur 0.0.0.0:5555.
2022-09-21 03:42:18,511 Connexion acceptée.
2022-09-21 03:42:18,512 Début de la réception du fichier...
2022-09-21 03:42:18,741 Écriture du fichier.
2022-09-21 03:42:18,741 Écriture du fichier.
2022-09-21 03:42:18,741 Fermeture des sockets.
2022-09-21 03:50:45,389 Chargement des librairies terminé.
2022-09-21 03:50:45,406 Le serveur est configuré pour écouter sur toutes les adresses IP de cette machine.
2022-09-21 03:50:45,407 Buffer size : 4096
2022-09-21 03:50:45,407 Socket créé.
2022-09-21 03:50:45,409 Écoute sur 0.0.0.0:5555.
2022-09-21 03:50:49,943 Connexion acceptée.
2022-09-21 03:50:49,945 Début de la réception du fichier...
2022-09-21 03:50:50,083 Écriture du fichier.
2022-09-21 03:50:50,087 Écriture du fichier.
2022-09-21 03:50:50,088 Fermeture des sockets.
2022-09-21 03:51:47,262 Chargement des librairies terminé.
2022-09-21 03:51:47,270 Le serveur est configuré pour écouter sur toutes les adresses IP de cette machine.
2022-09-21 03:51:47,272 Buffer size : 4096
2022-09-21 03:51:47,272 Socket créé.
2022-09-21 03:51:47,274 Écoute sur 0.0.0.0:5555.
2022-09-21 03:51:51,564 Connexion acceptée.
2022-09-21 03:51:51,568 Début de la réception du fichier...
2022-09-21 03:51:51,685 Écriture du fichier.
2022-09-21 03:51:51,686 Écriture du fichier.
2022-09-21 03:51:51,686 Fermeture des sockets.
2022-09-21 04:01:25,175 Chargement des librairies terminé.
2022-09-21 04:01:25,187 Le serveur est configuré pour écouter sur toutes les adresses IP de cette machine.
2022-09-21 04:01:25,188 Buffer size : 4096
2022-09-21 04:01:25,188 Socket créé.
2022-09-21 04:01:25,189 Écoute sur 0.0.0.0:5555.
2022-09-21 04:01:28,415 Connexion acceptée.
2022-09-21 04:01:28,416 Début de la réception du fichier...
2022-09-21 04:01:28,589 Écriture du fichier.
2022-09-21 04:01:28,590 Écriture du fichier.
2022-09-21 04:01:28,593 Fermeture des sockets.
2022-09-21 04:02:18,763 Chargement des librairies terminé.
2022-09-21 04:02:18,764 Le serveur est configuré pour écouter sur toutes les adresses IP de cette machine.
2022-09-21 04:02:18,764 Buffer size : 4096
2022-09-21 04:02:18,765 Socket créé.
2022-09-21 04:02:18,765 Écoute sur 0.0.0.0:5555.
2022-09-21 04:02:22,242 Connexion acceptée.
2022-09-21 04:02:22,242 Début de la réception du fichier...
2022-09-21 04:02:39,757 Chargement des librairies terminé.
2022-09-21 04:02:39,758 Le serveur est configuré pour écouter sur toutes les adresses IP de cette machine.
2022-09-21 04:02:39,758 Buffer size : 4096
2022-09-21 04:02:39,758 Socket créé.
2022-09-21 04:02:39,759 Écoute sur 0.0.0.0:5555.
2022-09-21 04:02:44,938 Connexion acceptée.
2022-09-21 04:02:44,938 Début de la réception du fichier...
2022-09-21 04:05:41,550 Chargement des librairies terminé.
2022-09-21 04:05:41,556 Le serveur est configuré pour écouter sur toutes les adresses IP de cette machine.
2022-09-21 04:05:41,557 Buffer size : 4096
2022-09-21 04:05:41,558 Socket créé.
2022-09-21 04:05:41,558 Écoute sur 0.0.0.0:5555.
2022-09-21 04:05:47,207 Connexion acceptée.
2022-09-21 04:05:47,207 Début de la réception du fichier...
2022-09-21 04:05:47,386 Écriture du fichier.
2022-09-21 04:05:47,387 Écriture du fichier.
2022-09-21 04:05:47,387 Fermeture des sockets.
2022-09-21 04:06:04,505 Chargement des librairies terminé.
2022-09-21 04:06:04,518 Le serveur est configuré pour écouter sur toutes les adresses IP de cette machine.
2022-09-21 04:06:04,519 Buffer size : 4096
2022-09-21 04:06:04,520 Socket créé.
2022-09-21 04:06:04,520 Écoute sur 0.0.0.0:5555.
2022-09-21 04:06:09,791 Connexion acceptée.
2022-09-21 04:06:09,791 Début de la réception du fichier...
2022-09-21 04:06:09,886 Écriture du fichier.
2022-09-21 04:06:09,886 Écriture du fichier.
2022-09-21 04:06:09,887 Fermeture des sockets.
2022-09-21 04:07:00,051 Chargement des librairies terminé.
2022-09-21 04:07:00,053 Le serveur est configuré pour écouter sur toutes les adresses IP de cette machine.
2022-09-21 04:07:00,054 Buffer size : 4096
2022-09-21 04:07:00,054 Socket créé.
2022-09-21 04:07:00,054 Écoute sur 0.0.0.0:5555.
2022-09-21 04:07:15,059 Chargement des librairies terminé.
2022-09-21 04:07:15,073 Le serveur est configuré pour écouter sur toutes les adresses IP de cette machine.
2022-09-21 04:07:15,075 Buffer size : 4096
2022-09-21 04:07:15,075 Socket créé.
2022-09-21 04:07:15,075 Écoute sur 0.0.0.0:5555.
2022-09-21 04:07:20,135 Connexion acceptée.
2022-09-21 04:07:20,136 Début de la réception du fichier...
2022-09-21 04:07:20,235 Écriture du fichier.
2022-09-21 04:07:20,236 Écriture du fichier.
2022-09-21 04:07:20,236 Fermeture des sockets.
2022-09-21 04:08:49,845 Chargement des librairies terminé.
2022-09-21 04:08:49,850 Le serveur est configuré pour écouter sur toutes les adresses IP de cette machine.
2022-09-21 04:08:49,850 Buffer size : 4096
2022-09-21 04:08:49,851 Socket créé.
2022-09-21 04:08:49,851 Écoute sur 0.0.0.0:5555.
2022-09-21 04:09:10,388 Chargement des librairies terminé.
2022-09-21 04:09:10,391 Le serveur est configuré pour écouter sur toutes les adresses IP de cette machine.
2022-09-21 04:09:10,391 Buffer size : 4096
2022-09-21 04:09:10,391 Socket créé.
2022-09-21 04:09:10,392 Écoute sur 0.0.0.0:5555.
2022-09-21 04:09:50,064 Chargement des librairies terminé.
2022-09-21 04:09:50,068 Le serveur est configuré pour écouter sur toutes les adresses IP de cette machine.
2022-09-21 04:09:50,069 Buffer size : 4096
2022-09-21 04:09:50,071 Socket créé.
2022-09-21 04:09:50,071 Écoute sur 0.0.0.0:5555.
2022-09-21 04:10:21,918 Chargement des librairies terminé.
2022-09-21 04:10:21,921 Le serveur est configuré pour écouter sur toutes les adresses IP de cette machine.
2022-09-21 04:10:21,922 Buffer size : 4096
2022-09-21 04:10:21,922 Socket créé.
2022-09-21 04:10:21,922 Écoute sur 0.0.0.0:5555.
2022-09-21 04:10:49,739 Chargement des librairies terminé.
2022-09-21 04:10:49,748 Le serveur est configuré pour écouter sur toutes les adresses IP de cette machine.
2022-09-21 04:10:49,749 Buffer size : 4096
2022-09-21 04:10:49,750 Socket créé.
2022-09-21 04:10:49,751 Écoute sur 0.0.0.0:5555.
2022-09-21 04:14:41,145 Chargement des librairies terminé.
2022-09-21 04:14:41,155 Le serveur est configuré pour écouter sur toutes les adresses IP de cette machine.
2022-09-21 04:14:41,155 Buffer size : 4096
2022-09-21 04:14:41,155 Socket créé.
2022-09-21 04:14:41,156 Écoute sur 0.0.0.0:5555.
2022-09-21 04:16:10,493 Chargement des librairies terminé.
2022-09-21 04:16:10,517 Le serveur est configuré pour écouter sur toutes les adresses IP de cette machine.
2022-09-21 04:16:10,517 Buffer size : 4096
2022-09-21 04:16:10,517 Socket créé.
2022-09-21 04:16:10,518 Écoute sur 0.0.0.0:5555.
2022-09-21 04:16:41,401 Chargement des librairies terminé.
2022-09-21 04:16:41,435 Le serveur est configuré pour écouter sur toutes les adresses IP de cette machine.
2022-09-21 04:16:41,438 Buffer size : 4096
2022-09-21 04:16:41,438 Socket créé.
2022-09-21 04:16:41,438 Écoute sur 0.0.0.0:5555.
2022-09-21 04:16:53,536 Connexion acceptée.
2022-09-21 04:16:53,537 Début de la réception du fichier...
2022-09-21 04:16:53,723 Écriture du fichier.
2022-09-21 04:16:53,736 Écriture du fichier.
2022-09-21 04:16:53,737 Fermeture des sockets.
2022-09-21 04:18:40,038 Chargement des librairies terminé.
2022-09-21 04:18:40,043 Le serveur est configuré pour écouter sur toutes les adresses IP de cette machine.
2022-09-21 04:18:40,044 Buffer size : 4096
2022-09-21 04:18:40,044 Socket créé.
2022-09-21 04:18:40,044 Écoute sur 0.0.0.0:5555.
2022-09-21 04:18:58,293 Chargement des librairies terminé.
2022-09-21 04:18:58,302 Le serveur est configuré pour écouter sur toutes les adresses IP de cette machine.
2022-09-21 04:18:58,303 Buffer size : 4096
2022-09-21 04:18:58,303 Socket créé.
2022-09-21 04:18:58,304 Écoute sur 0.0.0.0:5555.
2022-09-21 04:19:33,344 Chargement des librairies terminé.
2022-09-21 04:19:33,347 Le serveur est configuré pour écouter sur toutes les adresses IP de cette machine.
2022-09-21 04:19:33,347 Buffer size : 4096
2022-09-21 04:19:33,348 Socket créé.
2022-09-21 04:19:33,348 Écoute sur 0.0.0.0:5555.
2022-09-21 05:01:47,587 Chargement des librairies terminé.
2022-09-21 05:01:47,599 Le serveur est configuré pour écouter sur toutes les adresses IP de cette machine.
2022-09-21 05:01:47,600 Buffer size : 4096
2022-09-21 05:01:47,601 Socket créé.
2022-09-21 05:01:47,603 Écoute sur 0.0.0.0:5555.
2022-09-21 05:01:51,353 Connexion acceptée.
2022-09-21 05:01:51,354 Début de la réception du fichier...
2022-09-21 05:01:51,515 Écriture du fichier.
2022-09-21 05:01:51,516 Écriture du fichier.
2022-09-21 05:01:51,516 Fermeture des sockets.
2022-09-21 05:03:15,749 Chargement des librairies terminé.
2022-09-21 05:03:15,964 Le serveur est configuré pour écouter sur toutes les adresses IP de cette machine.
2022-09-21 05:03:15,965 Buffer size : 4096
2022-09-21 05:03:15,965 Socket créé.
2022-09-21 05:03:15,965 Écoute sur 0.0.0.0:5555.
2022-09-21 05:03:18,748 Connexion acceptée.
2022-09-21 05:03:18,748 Début de la réception du fichier...
2022-09-21 05:03:18,965 Écriture du fichier.
2022-09-21 05:03:18,974 Écriture du fichier.
2022-09-21 05:03:18,975 Fermeture des sockets.
2022-09-21 05:05:50,382 Chargement des librairies terminé.
2022-09-21 05:05:50,394 Le serveur est configuré pour écouter sur toutes les adresses IP de cette machine.
2022-09-21 05:05:50,394 Buffer size : 4096
2022-09-21 05:05:50,395 Socket créé.
2022-09-21 05:05:50,395 Écoute sur 0.0.0.0:5555.
2022-09-21 05:06:04,649 Connexion acceptée.
2022-09-21 05:06:04,649 Début de la réception du fichier...
2022-09-21 05:06:04,818 Écriture du fichier.
2022-09-21 05:06:04,834 Écriture du fichier.
2022-09-21 05:06:04,834 Fermeture des sockets.
2022-09-21 05:14:21,660 Chargement des librairies terminé.
2022-09-21 05:14:21,679 Le serveur est configuré pour écouter sur toutes les adresses IP de cette machine.
2022-09-21 05:14:21,681 Buffer size : 4096
2022-09-21 05:14:21,681 Socket créé.
2022-09-21 05:14:21,709 Écoute sur 0.0.0.0:5555.
2022-09-21 05:14:36,244 Connexion acceptée.
2022-09-21 05:14:36,244 Début de la réception du fichier...
2022-09-21 05:14:36,399 Écriture du fichier.
2022-09-21 05:14:36,400 Écriture du fichier.
2022-09-21 05:14:36,401 Fermeture des sockets.
